DcareServerVolly/build/outputs/logs/manifest-merger-debug-report.txt
-- Merging decision tree log ---
manifest
ADDED from WorkSpace\DcareServerVolly\AndroidManifest.xml:2:1-558:12
	package
		ADDED from WorkSpace\DcareServerVolly\AndroidManifest.xml:4:5-31
	android:versionName
		ADDED from WorkSpace\DcareServerVolly\AndroidManifest.xml:6:5-32
		INJECTED from WorkSpace\DcareServerVolly\AndroidManifest.xml
		INJECTED from WorkSpace\DcareServerVolly\AndroidManifest.xml
	xmlns:tools
		ADDED from WorkSpace\DcareServerVolly\AndroidManifest.xml:3:5-51
	android:versionCode
		ADDED from WorkSpace\DcareServerVolly\AndroidManifest.xml:5:5-29
		INJECTED from WorkSpace\DcareServerVolly\AndroidManifest.xml
		INJECTED from WorkSpace\DcareServerVolly\AndroidManifest.xml
	xmlns:android
		ADDED from WorkSpace\DcareServerVolly\AndroidManifest.xml:2:11-69
uses-sdk
ADDED from WorkSpace\DcareServerVolly\AndroidManifest.xml:8:5-10:41
MERGED from [com.android.support:appcompat-v7:22.2.0] AndroidManifest.xml:20:5-43
MERGED from [com.android.support:support-v4:24.1.1] AndroidManifest.xml:21:5-23:54
MERGED from [WorkSpace:Dcarecom.loopj.android.http:unspecified] AndroidManifest.xml:7:5-9:41
MERGED from [WorkSpace:DcareNetVolley:unspecified] AndroidManifest.xml:7:5-43
MERGED from [WorkSpace:DcarePhotoSelector:unspecified] AndroidManifest.xml:7:5-9:41
MERGED from [com.android.support:support-v4:24.1.1] AndroidManifest.xml:21:5-23:54
MERGED from [WorkSpace:DcarePullTorefreshlibrary:unspecified] AndroidManifest.xml:7:5-43
MERGED from [:pedometerservice-release:] AndroidManifest.xml:7:5-9:41
MERGED from [com.github.satyan:sugar:1.5] AndroidManifest.xml:7:5-9:41
	tools:overrideLibrary
		ADDED from [com.android.support:support-v4:24.1.1] AndroidManifest.xml:23:9-51
	android:targetSdkVersion
		ADDED from WorkSpace\DcareServerVolly\AndroidManifest.xml:10:9-38
	android:minSdkVersion
		ADDED from WorkSpace\DcareServerVolly\AndroidManifest.xml:9:9-35
uses-permission#android.permission.GET_TASKS
ADDED from WorkSpace\DcareServerVolly\AndroidManifest.xml:12:5-68
	android:name
		ADDED from WorkSpace\DcareServerVolly\AndroidManifest.xml:12:22-65
uses-permission#android.permission.INTERNET
ADDED from WorkSpace\DcareServerVolly\AndroidManifest.xml:13:5-67
MERGED from [WorkSpace:DcarePhotoSelector:unspecified] AndroidManifest.xml:12:5-67
	android:name
		ADDED from WorkSpace\DcareServerVolly\AndroidManifest.xml:13:22-64
uses-permission#android.permission.ACCESS_WIFI_STATE
ADDED from WorkSpace\DcareServerVolly\AndroidManifest.xml:14:5-76
	android:name
		ADDED from WorkSpace\DcareServerVolly\AndroidManifest.xml:14:22-73
uses-permission#android.permission.ACCESS_NETWORK_STATE
ADDED from WorkSpace\DcareServerVolly\AndroidManifest.xml:15:5-79
	android:name
		ADDED from WorkSpace\DcareServerVolly\AndroidManifest.xml:15:22-76
uses-permission#android.permission.CHANGE_WIFI_STATE
ADDED from WorkSpace\DcareServerVolly\AndroidManifest.xml:16:5-76
	android:name
		ADDED from WorkSpace\DcareServerVolly\AndroidManifest.xml:16:22-73
uses-permission#android.permission.MOUNT_UNMOUNT_FILESYSTEMS
ADDED from WorkSpace\DcareServerVolly\AndroidManifest.xml:17:5-84
	android:name
		ADDED from WorkSpace\DcareServerVolly\AndroidManifest.xml:17:22-81
uses-permission#android.permission.WRITE_EXTERNAL_STORAGE
ADDED from WorkSpace\DcareServerVolly\AndroidManifest.xml:18:5-81
MERGED from [WorkSpace:DcarePhotoSelector:unspecified] AndroidManifest.xml:14:5-81
	android:name
		ADDED from WorkSpace\DcareServerVolly\AndroidManifest.xml:18:22-78
uses-permission#android.permission.READ_PHONE_STATE
ADDED from WorkSpace\DcareServerVolly\AndroidManifest.xml:19:5-75
	android:name
		ADDED from WorkSpace\DcareServerVolly\AndroidManifest.xml:19:22-72
uses-permission#android.permission.MANAGE_ACCOUNTS
ADDED from WorkSpace\DcareServerVolly\AndroidManifest.xml:20:5-74
	android:name
		ADDED from WorkSpace\DcareServerVolly\AndroidManifest.xml:20:22-71
uses-permission#android.permission.GET_ACCOUNTS
ADDED from WorkSpace\DcareServerVolly\AndroidManifest.xml:21:5-71
	android:name
		ADDED from WorkSpace\DcareServerVolly\AndroidManifest.xml:21:22-68
uses-permission#android.permission.WAKE_LOCK
ADDED from WorkSpace\DcareServerVolly\AndroidManifest.xml:22:5-68
	android:name
		ADDED from WorkSpace\DcareServerVolly\AndroidManifest.xml:22:22-65
uses-permission#android.permission.READ_EXTERNAL_STORAGE
ADDED from WorkSpace\DcareServerVolly\AndroidManifest.xml:23:5-80
	android:name
		ADDED from WorkSpace\DcareServerVolly\AndroidManifest.xml:23:22-77
uses-permission#android.permission.GET_TOP_ACTIVITyINFO
ADDED from WorkSpace\DcareServerVolly\AndroidManifest.xml:24:5-79
	android:name
		ADDED from WorkSpace\DcareServerVolly\AndroidManifest.xml:24:22-76
uses-permission#android.permission.CAMERA
ADDED from WorkSpace\DcareServerVolly\AndroidManifest.xml:25:5-65
MERGED from [WorkSpace:DcarePhotoSelector:unspecified] AndroidManifest.xml:15:5-65
	android:name
		ADDED from WorkSpace\DcareServerVolly\AndroidManifest.xml:25:22-62
uses-permission#android.permission.ACCESS_NOTIFICATION_POLICY
ADDED from WorkSpace\DcareServerVolly\AndroidManifest.xml:26:5-85
	android:name
		ADDED from WorkSpace\DcareServerVolly\AndroidManifest.xml:26:22-82
uses-permission#android.permission.KILL_BACKGROUND_PROCESSES
ADDED from WorkSpace\DcareServerVolly\AndroidManifest.xml:27:5-84
	android:name
		ADDED from WorkSpace\DcareServerVolly\AndroidManifest.xml:27:22-81
uses-permission#android.permission.RESTART_PACKAGES
ADDED from WorkSpace\DcareServerVolly\AndroidManifest.xml:28:5-75
	android:name
		ADDED from WorkSpace\DcareServerVolly\AndroidManifest.xml:28:22-72
uses-permission#getui.permission.GetuiService.com.etcomm.dcare
ADDED from WorkSpace\DcareServerVolly\AndroidManifest.xml:32:5-86
	android:name
		ADDED from WorkSpace\DcareServerVolly\AndroidManifest.xml:32:22-83
uses-feature#android.hardware.camera
ADDED from WorkSpace\DcareServerVolly\AndroidManifest.xml:34:5-36:36
MERGED from [WorkSpace:DcarePhotoSelector:unspecified] AndroidManifest.xml:17:5-60
	android:required
		ADDED from WorkSpace\DcareServerVolly\AndroidManifest.xml:36:9-33
		MERGED from WorkSpace\DcareServerVolly\AndroidManifest.xml:36:9-33
	android:name
		ADDED from WorkSpace\DcareServerVolly\AndroidManifest.xml:35:9-47
uses-permission#android.permission.BLUETOOTH
ADDED from WorkSpace\DcareServerVolly\AndroidManifest.xml:38:5-68
	android:name
		ADDED from WorkSpace\DcareServerVolly\AndroidManifest.xml:38:22-65
uses-permission#android.permission.BLUETOOTH_ADMIN
ADDED from WorkSpace\DcareServerVolly\AndroidManifest.xml:39:5-74
	android:name
		ADDED from WorkSpace\DcareServerVolly\AndroidManifest.xml:39:22-71
uses-permission#android.permission.RECORD_AUDIO
ADDED from WorkSpace\DcareServerVolly\AndroidManifest.xml:41:5-71
	android:name
		ADDED from WorkSpace\DcareServerVolly\AndroidManifest.xml:41:22-68
uses-permission#android.permission.ACCESS_FINE_LOCATION
ADDED from WorkSpace\DcareServerVolly\AndroidManifest.xml:42:5-79
	android:name
		ADDED from WorkSpace\DcareServerVolly\AndroidManifest.xml:42:22-76
uses-permission#android.permission.RECEIVE_BOOT_COMPLETED
ADDED from WorkSpace\DcareServerVolly\AndroidManifest.xml:43:5-81
	android:name
		ADDED from WorkSpace\DcareServerVolly\AndroidManifest.xml:43:22-78
uses-permission#android.permission.READ_LOGS
ADDED from WorkSpace\DcareServerVolly\AndroidManifest.xml:52:5-68
	android:name
		ADDED from WorkSpace\DcareServerVolly\AndroidManifest.xml:52:22-65
uses-permission#android.permission.CALL_PHONE
ADDED from WorkSpace\DcareServerVolly\AndroidManifest.xml:53:5-69
	android:name
		ADDED from WorkSpace\DcareServerVolly\AndroidManifest.xml:53:22-66
uses-permission#android.permission.ACCESS_COARSE_LOCATION
ADDED from WorkSpace\DcareServerVolly\AndroidManifest.xml:55:5-81
	android:name
		ADDED from WorkSpace\DcareServerVolly\AndroidManifest.xml:55:22-78
uses-permission#android.permission.SET_DEBUG_APP
ADDED from WorkSpace\DcareServerVolly\AndroidManifest.xml:57:5-72
	android:name
		ADDED from WorkSpace\DcareServerVolly\AndroidManifest.xml:57:22-69
uses-permission#android.permission.SYSTEM_ALERT_WINDOW
ADDED from WorkSpace\DcareServerVolly\AndroidManifest.xml:58:5-78
	android:name
		ADDED from WorkSpace\DcareServerVolly\AndroidManifest.xml:58:22-75
uses-permission#android.permission.USE_CREDENTIALS
ADDED from WorkSpace\DcareServerVolly\AndroidManifest.xml:60:5-74
	android:name
		ADDED from WorkSpace\DcareServerVolly\AndroidManifest.xml:60:22-71
application
ADDED from WorkSpace\DcareServerVolly\AndroidManifest.xml:63:5-556:19
MERGED from [com.android.support:appcompat-v7:22.2.0] AndroidManifest.xml:22:5-20
MERGED from [com.android.support:support-v4:24.1.1] AndroidManifest.xml:25:5-20
MERGED from [WorkSpace:Dcarecom.loopj.android.http:unspecified] AndroidManifest.xml:11:5-16:19
MERGED from [WorkSpace:DcareNetVolley:unspecified] AndroidManifest.xml:9:5-20
MERGED from [WorkSpace:DcarePhotoSelector:unspecified] AndroidManifest.xml:20:5-35:19
MERGED from [com.android.support:support-v4:24.1.1] AndroidManifest.xml:25:5-20
MERGED from [WorkSpace:DcarePullTorefreshlibrary:unspecified] AndroidManifest.xml:9:5-20
MERGED from [:pedometerservice-release:] AndroidManifest.xml:11:5-69:19
	android:label
		ADDED from WorkSpace\DcareServerVolly\AndroidManifest.xml:67:9-41
	android:supportsRtl
		ADDED from [:pedometerservice-release:] AndroidManifest.xml:14:9-35
	android:allowBackup
		ADDED from WorkSpace\DcareServerVolly\AndroidManifest.xml:65:9-35
	android:icon
		ADDED from WorkSpace\DcareServerVolly\AndroidManifest.xml:66:9-38
		REJECTED from [WorkSpace:Dcarecom.loopj.android.http:unspecified] AndroidManifest.xml:13:9-45
		REJECTED from [WorkSpace:DcarePhotoSelector:unspecified] AndroidManifest.xml:22:9-45
	android:largeHeap
		ADDED from WorkSpace\DcareServerVolly\AndroidManifest.xml:68:9-33
	android:persistent
		ADDED from WorkSpace\DcareServerVolly\AndroidManifest.xml:69:9-34
	android:theme
		ADDED from WorkSpace\DcareServerVolly\AndroidManifest.xml:70:9-40
		REJECTED from [WorkSpace:Dcarecom.loopj.android.http:unspecified] AndroidManifest.xml:15:9-40
	tools:replace
		ADDED from WorkSpace\DcareServerVolly\AndroidManifest.xml:71:9-52
	android:name
		ADDED from WorkSpace\DcareServerVolly\AndroidManifest.xml:64:9-52
activity#com.etcomm.dcare.SplashActivity
ADDED from WorkSpace\DcareServerVolly\AndroidManifest.xml:72:9-83:20
	android:label
		ADDED from WorkSpace\DcareServerVolly\AndroidManifest.xml:74:13-45
	android:persistent
		ADDED from WorkSpace\DcareServerVolly\AndroidManifest.xml:75:13-38
	android:theme
		ADDED from WorkSpace\DcareServerVolly\AndroidManifest.xml:76:13-77
	android:name
		ADDED from WorkSpace\DcareServerVolly\AndroidManifest.xml:73:13-59
intent-filter#android.intent.action.MAIN+android.intent.category.LAUNCHER
ADDED from WorkSpace\DcareServerVolly\AndroidManifest.xml:77:13-81:29
action#android.intent.action.MAIN
ADDED from WorkSpace\DcareServerVolly\AndroidManifest.xml:78:17-69
	android:name
		ADDED from WorkSpace\DcareServerVolly\AndroidManifest.xml:78:25-66
category#android.intent.category.LAUNCHER
ADDED from WorkSpace\DcareServerVolly\AndroidManifest.xml:80:17-77
	android:name
		ADDED from WorkSpace\DcareServerVolly\AndroidManifest.xml:80:27-74
activity#com.umeng.socialize.editorpage.ShareActivity
ADDED from WorkSpace\DcareServerVolly\AndroidManifest.xml:84:9-87:54
	android:excludeFromRecents
		ADDED from WorkSpace\DcareServerVolly\AndroidManifest.xml:86:13-46
	android:theme
		ADDED from WorkSpace\DcareServerVolly\AndroidManifest.xml:87:13-51
	android:name
		ADDED from WorkSpace\DcareServerVolly\AndroidManifest.xml:85:13-72
activity#wxapi.WXEntryActivity
ADDED from WorkSpace\DcareServerVolly\AndroidManifest.xml:88:9-93:75
	android:screenOrientation
		ADDED from WorkSpace\DcareServerVolly\AndroidManifest.xml:92:13-49
	android:exported
		ADDED from WorkSpace\DcareServerVolly\AndroidManifest.xml:91:13-36
	android:configChanges
		ADDED from WorkSpace\DcareServerVolly\AndroidManifest.xml:90:13-74
	android:theme
		ADDED from WorkSpace\DcareServerVolly\AndroidManifest.xml:93:13-72
	android:name
		ADDED from WorkSpace\DcareServerVolly\AndroidManifest.xml:89:13-49
activity#com.etcomm.dcare.MainActivity
ADDED from WorkSpace\DcareServerVolly\AndroidManifest.xml:94:9-97:61
	android:screenOrientation
		ADDED from WorkSpace\DcareServerVolly\AndroidManifest.xml:97:13-49
	android:launchMode
		ADDED from WorkSpace\DcareServerVolly\AndroidManifest.xml:96:13-44
	android:name
		ADDED from WorkSpace\DcareServerVolly\AndroidManifest.xml:95:13-57
activity#com.etcomm.dcare.ShareActivity
ADDED from WorkSpace\DcareServerVolly\AndroidManifest.xml:98:9-100:61
	android:screenOrientation
		ADDED from WorkSpace\DcareServerVolly\AndroidManifest.xml:100:13-49
	android:name
		ADDED from WorkSpace\DcareServerVolly\AndroidManifest.xml:99:13-58
activity#com.etcomm.dcare.app.base.BaseActivity
ADDED from WorkSpace\DcareServerVolly\AndroidManifest.xml:101:9-103:61
	android:screenOrientation
		ADDED from WorkSpace\DcareServerVolly\AndroidManifest.xml:103:13-49
	android:name
		ADDED from WorkSpace\DcareServerVolly\AndroidManifest.xml:102:13-66
activity#com.etcomm.dcare.BaseFragmentActivity
ADDED from WorkSpace\DcareServerVolly\AndroidManifest.xml:104:9-106:61
	android:screenOrientation
		ADDED from WorkSpace\DcareServerVolly\AndroidManifest.xml:106:13-49
	android:name
		ADDED from WorkSpace\DcareServerVolly\AndroidManifest.xml:105:13-65
activity#com.etcomm.dcare.app.activity.login.ChangePasswordActivity
ADDED from WorkSpace\DcareServerVolly\AndroidManifest.xml:107:9-109:61
	android:screenOrientation
		ADDED from WorkSpace\DcareServerVolly\AndroidManifest.xml:109:13-49
	android:name
		ADDED from WorkSpace\DcareServerVolly\AndroidManifest.xml:108:13-86
activity#com.etcomm.dcare.app.activity.login.ChangePasswordActivityNew
ADDED from WorkSpace\DcareServerVolly\AndroidManifest.xml:110:9-112:61
	android:screenOrientation
		ADDED from WorkSpace\DcareServerVolly\AndroidManifest.xml:112:13-49
	android:name
		ADDED from WorkSpace\DcareServerVolly\AndroidManifest.xml:111:13-89
activity#com.etcomm.dcare.app.activity.login.ChooseComStructureActivity
ADDED from WorkSpace\DcareServerVolly\AndroidManifest.xml:113:9-115:61
	android:screenOrientation
		ADDED from WorkSpace\DcareServerVolly\AndroidManifest.xml:115:13-49
	android:name
		ADDED from WorkSpace\DcareServerVolly\AndroidManifest.xml:114:13-90
activity#com.etcomm.dcare.EnterAgeWeightHeightActivity
ADDED from WorkSpace\DcareServerVolly\AndroidManifest.xml:116:9-118:61
	android:screenOrientation
		ADDED from WorkSpace\DcareServerVolly\AndroidManifest.xml:118:13-49
	android:name
		ADDED from WorkSpace\DcareServerVolly\AndroidManifest.xml:117:13-73
activity#com.etcomm.dcare.app.activity.login.EnterpriseActivationActivity
ADDED from WorkSpace\DcareServerVolly\AndroidManifest.xml:119:9-121:61
	android:screenOrientation
		ADDED from WorkSpace\DcareServerVolly\AndroidManifest.xml:121:13-49
	android:name
		ADDED from WorkSpace\DcareServerVolly\AndroidManifest.xml:120:13-92
activity#com.etcomm.dcare.app.activity.login.ForgotPasswordActivity
ADDED from WorkSpace\DcareServerVolly\AndroidManifest.xml:122:9-125:61
	android:screenOrientation
		ADDED from WorkSpace\DcareServerVolly\AndroidManifest.xml:125:13-49
	android:launchMode
		ADDED from WorkSpace\DcareServerVolly\AndroidManifest.xml:124:13-44
	android:name
		ADDED from WorkSpace\DcareServerVolly\AndroidManifest.xml:123:13-86
activity#com.etcomm.dcare.app.activity.login.ForgotPasswordActivityNew
ADDED from WorkSpace\DcareServerVolly\AndroidManifest.xml:126:9-129:61
	android:screenOrientation
		ADDED from WorkSpace\DcareServerVolly\AndroidManifest.xml:129:13-49
	android:launchMode
		ADDED from WorkSpace\DcareServerVolly\AndroidManifest.xml:128:13-44
	android:name
		ADDED from WorkSpace\DcareServerVolly\AndroidManifest.xml:127:13-89
activity#com.etcomm.dcare.app.activity.login.LoginActivity
ADDED from WorkSpace\DcareServerVolly\AndroidManifest.xml:130:9-133:61
	android:screenOrientation
		ADDED from WorkSpace\DcareServerVolly\AndroidManifest.xml:133:13-49
	android:launchMode
		ADDED from WorkSpace\DcareServerVolly\AndroidManifest.xml:132:13-44
	android:name
		ADDED from WorkSpace\DcareServerVolly\AndroidManifest.xml:131:13-77
activity#com.etcomm.dcare.app.activity.login.LoginActivityNew
ADDED from WorkSpace\DcareServerVolly\AndroidManifest.xml:134:9-137:61
	android:screenOrientation
		ADDED from WorkSpace\DcareServerVolly\AndroidManifest.xml:137:13-49
	android:launchMode
		ADDED from WorkSpace\DcareServerVolly\AndroidManifest.xml:136:13-44
	android:name
		ADDED from WorkSpace\DcareServerVolly\AndroidManifest.xml:135:13-80
activity#com.etcomm.dcare.app.activity.login.RegisterActivityNew
ADDED from WorkSpace\DcareServerVolly\AndroidManifest.xml:138:9-141:61
	android:screenOrientation
		ADDED from WorkSpace\DcareServerVolly\AndroidManifest.xml:141:13-49
	android:launchMode
		ADDED from WorkSpace\DcareServerVolly\AndroidManifest.xml:140:13-44
	android:name
		ADDED from WorkSpace\DcareServerVolly\AndroidManifest.xml:139:13-83
activity#com.etcomm.dcare.app.activity.login.RegisterActivity
ADDED from WorkSpace\DcareServerVolly\AndroidManifest.xml:142:9-145:61
	android:screenOrientation
		ADDED from WorkSpace\DcareServerVolly\AndroidManifest.xml:145:13-49
	android:launchMode
		ADDED from WorkSpace\DcareServerVolly\AndroidManifest.xml:144:13-44
	android:name
		ADDED from WorkSpace\DcareServerVolly\AndroidManifest.xml:143:13-80
activity#com.etcomm.dcare.ShowAlartViewBaseActivity
ADDED from WorkSpace\DcareServerVolly\AndroidManifest.xml:146:9-148:61
	android:screenOrientation
		ADDED from WorkSpace\DcareServerVolly\AndroidManifest.xml:148:13-49
	android:name
		ADDED from WorkSpace\DcareServerVolly\AndroidManifest.xml:147:13-70
activity#com.etcomm.dcare.SportRecommandActivity
ADDED from WorkSpace\DcareServerVolly\AndroidManifest.xml:149:9-151:61
	android:screenOrientation
		ADDED from WorkSpace\DcareServerVolly\AndroidManifest.xml:151:13-49
	android:name
		ADDED from WorkSpace\DcareServerVolly\AndroidManifest.xml:150:13-67
activity#com.etcomm.dcare.app.activity.setting.EnterUserNameChooseAvatarActivity
ADDED from WorkSpace\DcareServerVolly\AndroidManifest.xml:152:9-154:61
	android:screenOrientation
		ADDED from WorkSpace\DcareServerVolly\AndroidManifest.xml:154:13-49
	android:name
		ADDED from WorkSpace\DcareServerVolly\AndroidManifest.xml:153:13-99
activity#com.etcomm.dcare.TrendRecordActivity
ADDED from WorkSpace\DcareServerVolly\AndroidManifest.xml:155:9-158:61
	android:process
		ADDED from WorkSpace\DcareServerVolly\AndroidManifest.xml:157:13-39
	android:screenOrientation
		ADDED from WorkSpace\DcareServerVolly\AndroidManifest.xml:158:13-49
	android:name
		ADDED from WorkSpace\DcareServerVolly\AndroidManifest.xml:156:13-64
activity#com.etcomm.dcare.ExamineReportActivity
ADDED from WorkSpace\DcareServerVolly\AndroidManifest.xml:159:9-162:61
	android:process
		ADDED from WorkSpace\DcareServerVolly\AndroidManifest.xml:161:13-39
	android:screenOrientation
		ADDED from WorkSpace\DcareServerVolly\AndroidManifest.xml:162:13-49
	android:name
		ADDED from WorkSpace\DcareServerVolly\AndroidManifest.xml:160:13-66
activity#com.etcomm.dcare.BaseWebViewActivity
ADDED from WorkSpace\DcareServerVolly\AndroidManifest.xml:163:9-166:61
	android:process
		ADDED from WorkSpace\DcareServerVolly\AndroidManifest.xml:165:13-39
	android:screenOrientation
		ADDED from WorkSpace\DcareServerVolly\AndroidManifest.xml:166:13-49
	android:name
		ADDED from WorkSpace\DcareServerVolly\AndroidManifest.xml:164:13-64
activity#com.etcomm.dcare.MineFeedBackActivity
ADDED from WorkSpace\DcareServerVolly\AndroidManifest.xml:167:9-169:61
	android:screenOrientation
		ADDED from WorkSpace\DcareServerVolly\AndroidManifest.xml:169:13-49
	android:name
		ADDED from WorkSpace\DcareServerVolly\AndroidManifest.xml:168:13-65
activity#com.etcomm.dcare.MineSportsActivity
ADDED from WorkSpace\DcareServerVolly\AndroidManifest.xml:170:9-172:61
	android:screenOrientation
		ADDED from WorkSpace\DcareServerVolly\AndroidManifest.xml:172:13-49
	android:name
		ADDED from WorkSpace\DcareServerVolly\AndroidManifest.xml:171:13-63
activity#com.etcomm.dcare.app.activity.setting.SettingActivity
ADDED from WorkSpace\DcareServerVolly\AndroidManifest.xml:173:9-175:61
	android:screenOrientation
		ADDED from WorkSpace\DcareServerVolly\AndroidManifest.xml:175:13-49
	android:name
		ADDED from WorkSpace\DcareServerVolly\AndroidManifest.xml:174:13-81
activity#com.etcomm.dcare.HealthConsultActivity
ADDED from WorkSpace\DcareServerVolly\AndroidManifest.xml:176:9-179:61
	android:process
		ADDED from WorkSpace\DcareServerVolly\AndroidManifest.xml:178:13-39
	android:screenOrientation
		ADDED from WorkSpace\DcareServerVolly\AndroidManifest.xml:179:13-49
	android:name
		ADDED from WorkSpace\DcareServerVolly\AndroidManifest.xml:177:13-66
activity#com.etcomm.dcare.PointsExchangeActivity
ADDED from WorkSpace\DcareServerVolly\AndroidManifest.xml:180:9-182:61
	android:screenOrientation
		ADDED from WorkSpace\DcareServerVolly\AndroidManifest.xml:182:13-49
	android:name
		ADDED from WorkSpace\DcareServerVolly\AndroidManifest.xml:181:13-67
activity#com.etcomm.dcare.MyExchangeActivity
ADDED from WorkSpace\DcareServerVolly\AndroidManifest.xml:183:9-185:61
	android:screenOrientation
		ADDED from WorkSpace\DcareServerVolly\AndroidManifest.xml:185:13-49
	android:name
		ADDED from WorkSpace\DcareServerVolly\AndroidManifest.xml:184:13-63
activity#com.etcomm.dcare.MsgListActivity
ADDED from WorkSpace\DcareServerVolly\AndroidManifest.xml:186:9-188:61
	android:screenOrientation
		ADDED from WorkSpace\DcareServerVolly\AndroidManifest.xml:188:13-49
	android:name
		ADDED from WorkSpace\DcareServerVolly\AndroidManifest.xml:187:13-60
activity#com.etcomm.dcare.app.activity.SearchHealthNewsActivity
ADDED from WorkSpace\DcareServerVolly\AndroidManifest.xml:189:9-191:61
	android:screenOrientation
		ADDED from WorkSpace\DcareServerVolly\AndroidManifest.xml:191:13-49
	android:name
		ADDED from WorkSpace\DcareServerVolly\AndroidManifest.xml:190:13-82
activity#com.etcomm.dcare.PointsColleketDetailActivity
ADDED from WorkSpace\DcareServerVolly\AndroidManifest.xml:192:9-195:61
	android:process
		ADDED from WorkSpace\DcareServerVolly\AndroidManifest.xml:194:13-39
	android:screenOrientation
		ADDED from WorkSpace\DcareServerVolly\AndroidManifest.xml:195:13-49
	android:name
		ADDED from WorkSpace\DcareServerVolly\AndroidManifest.xml:193:13-73
activity#com.etcomm.dcare.MyPointsDetailActivity
ADDED from WorkSpace\DcareServerVolly\AndroidManifest.xml:197:9-199:61
	android:screenOrientation
		ADDED from WorkSpace\DcareServerVolly\AndroidManifest.xml:199:13-49
	android:name
		ADDED from WorkSpace\DcareServerVolly\AndroidManifest.xml:198:13-67
activity#com.etcomm.dcare.CompanyWelfareActivity
ADDED from WorkSpace\DcareServerVolly\AndroidManifest.xml:200:9-203:61
	android:process
		ADDED from WorkSpace\DcareServerVolly\AndroidManifest.xml:202:13-39
	android:screenOrientation
		ADDED from WorkSpace\DcareServerVolly\AndroidManifest.xml:203:13-49
	android:name
		ADDED from WorkSpace\DcareServerVolly\AndroidManifest.xml:201:13-67
activity#com.etcomm.dcare.CompanyWelfareListActivity
ADDED from WorkSpace\DcareServerVolly\AndroidManifest.xml:204:9-206:61
	android:screenOrientation
		ADDED from WorkSpace\DcareServerVolly\AndroidManifest.xml:206:13-49
	android:name
		ADDED from WorkSpace\DcareServerVolly\AndroidManifest.xml:205:13-71
activity#com.etcomm.dcare.SuggestSportDetailActivity
ADDED from WorkSpace\DcareServerVolly\AndroidManifest.xml:207:9-209:61
	android:screenOrientation
		ADDED from WorkSpace\DcareServerVolly\AndroidManifest.xml:209:13-49
	android:name
		ADDED from WorkSpace\DcareServerVolly\AndroidManifest.xml:208:13-71
activity#com.etcomm.dcare.HealthConsultListActivity
ADDED from WorkSpace\DcareServerVolly\AndroidManifest.xml:210:9-212:61
	android:screenOrientation
		ADDED from WorkSpace\DcareServerVolly\AndroidManifest.xml:212:13-49
	android:name
		ADDED from WorkSpace\DcareServerVolly\AndroidManifest.xml:211:13-70
activity#com.etcomm.dcare.app.activity.setting.RelateWorkNumberActivity
ADDED from WorkSpace\DcareServerVolly\AndroidManifest.xml:213:9-215:61
	android:screenOrientation
		ADDED from WorkSpace\DcareServerVolly\AndroidManifest.xml:215:13-49
	android:name
		ADDED from WorkSpace\DcareServerVolly\AndroidManifest.xml:214:13-90
activity#com.etcomm.dcare.app.activity.setting.SettingPersonalDataActivity
ADDED from WorkSpace\DcareServerVolly\AndroidManifest.xml:216:9-218:61
	android:screenOrientation
		ADDED from WorkSpace\DcareServerVolly\AndroidManifest.xml:218:13-49
	android:name
		ADDED from WorkSpace\DcareServerVolly\AndroidManifest.xml:217:13-93
activity#com.etcomm.dcare.app.activity.setting.SelectSexPopupWindowActivity
ADDED from WorkSpace\DcareServerVolly\AndroidManifest.xml:219:9-222:67
	android:screenOrientation
		ADDED from WorkSpace\DcareServerVolly\AndroidManifest.xml:221:13-49
	android:theme
		ADDED from WorkSpace\DcareServerVolly\AndroidManifest.xml:222:13-55
	android:name
		ADDED from WorkSpace\DcareServerVolly\AndroidManifest.xml:220:13-94
activity#com.etcomm.dcare.app.activity.setting.ChangeNickNameActivity
ADDED from WorkSpace\DcareServerVolly\AndroidManifest.xml:223:9-225:61
	android:screenOrientation
		ADDED from WorkSpace\DcareServerVolly\AndroidManifest.xml:225:13-49
	android:name
		ADDED from WorkSpace\DcareServerVolly\AndroidManifest.xml:224:13-88
activity#com.etcomm.dcare.app.activity.setting.AgeActivity
ADDED from WorkSpace\DcareServerVolly\AndroidManifest.xml:226:9-228:61
	android:screenOrientation
		ADDED from WorkSpace\DcareServerVolly\AndroidManifest.xml:228:13-49
	android:name
		ADDED from WorkSpace\DcareServerVolly\AndroidManifest.xml:227:13-77
activity#com.etcomm.dcare.app.activity.setting.BindHcActivity
ADDED from WorkSpace\DcareServerVolly\AndroidManifest.xml:229:9-232:73
	android:screenOrientation
		ADDED from WorkSpace\DcareServerVolly\AndroidManifest.xml:231:13-49
	android:theme
		ADDED from WorkSpace\DcareServerVolly\AndroidManifest.xml:232:13-61
	android:name
		ADDED from WorkSpace\DcareServerVolly\AndroidManifest.xml:230:13-80
activity#com.etcomm.dcare.app.activity.setting.SelectPicPopupWindowActivity
ADDED from WorkSpace\DcareServerVolly\AndroidManifest.xml:233:9-236:67
	android:screenOrientation
		ADDED from WorkSpace\DcareServerVolly\AndroidManifest.xml:235:13-49
	android:theme
		ADDED from WorkSpace\DcareServerVolly\AndroidManifest.xml:236:13-55
	android:name
		ADDED from WorkSpace\DcareServerVolly\AndroidManifest.xml:234:13-94
activity#com.etcomm.dcare.app.activity.setting.HeightActivity
ADDED from WorkSpace\DcareServerVolly\AndroidManifest.xml:237:9-239:61
	android:screenOrientation
		ADDED from WorkSpace\DcareServerVolly\AndroidManifest.xml:239:13-49
	android:name
		ADDED from WorkSpace\DcareServerVolly\AndroidManifest.xml:238:13-80
activity#com.etcomm.dcare.app.activity.setting.WeightActivity
ADDED from WorkSpace\DcareServerVolly\AndroidManifest.xml:240:9-242:61
	android:screenOrientation
		ADDED from WorkSpace\DcareServerVolly\AndroidManifest.xml:242:13-49
	android:name
		ADDED from WorkSpace\DcareServerVolly\AndroidManifest.xml:241:13-80
activity#com.etcomm.dcare.DepartMentActivity
ADDED from WorkSpace\DcareServerVolly\AndroidManifest.xml:243:9-245:61
	android:screenOrientation
		ADDED from WorkSpace\DcareServerVolly\AndroidManifest.xml:245:13-49
	android:name
		ADDED from WorkSpace\DcareServerVolly\AndroidManifest.xml:244:13-63
activity#com.etcomm.dcare.app.activity.setting.SettingSportGoalActivity
ADDED from WorkSpace\DcareServerVolly\AndroidManifest.xml:246:9-248:61
	android:screenOrientation
		ADDED from WorkSpace\DcareServerVolly\AndroidManifest.xml:248:13-49
	android:name
		ADDED from WorkSpace\DcareServerVolly\AndroidManifest.xml:247:13-90
activity#com.etcomm.dcare.app.activity.setting.AboutUsActivity
ADDED from WorkSpace\DcareServerVolly\AndroidManifest.xml:249:9-251:61
	android:screenOrientation
		ADDED from WorkSpace\DcareServerVolly\AndroidManifest.xml:251:13-49
	android:name
		ADDED from WorkSpace\DcareServerVolly\AndroidManifest.xml:250:13-81
activity#com.etcomm.dcare.SearchTopicActivity
ADDED from WorkSpace\DcareServerVolly\AndroidManifest.xml:252:9-254:61
	android:screenOrientation
		ADDED from WorkSpace\DcareServerVolly\AndroidManifest.xml:254:13-49
	android:name
		ADDED from WorkSpace\DcareServerVolly\AndroidManifest.xml:253:13-64
activity#com.etcomm.dcare.AddNewTopicActivity
ADDED from WorkSpace\DcareServerVolly\AndroidManifest.xml:255:9-257:61
	android:screenOrientation
		ADDED from WorkSpace\DcareServerVolly\AndroidManifest.xml:257:13-49
	android:name
		ADDED from WorkSpace\DcareServerVolly\AndroidManifest.xml:256:13-64
activity#com.etcomm.dcare.TopicDisscussListActivity
ADDED from WorkSpace\DcareServerVolly\AndroidManifest.xml:258:9-260:61
	android:screenOrientation
		ADDED from WorkSpace\DcareServerVolly\AndroidManifest.xml:260:13-49
	android:name
		ADDED from WorkSpace\DcareServerVolly\AndroidManifest.xml:259:13-70
activity#com.etcomm.dcare.AddTopicDisscussActivity2
ADDED from WorkSpace\DcareServerVolly\AndroidManifest.xml:261:9-263:61
	android:screenOrientation
		ADDED from WorkSpace\DcareServerVolly\AndroidManifest.xml:263:13-49
	android:name
		ADDED from WorkSpace\DcareServerVolly\AndroidManifest.xml:262:13-70
activity#com.etcomm.dcare.DisscussConentListActivity
ADDED from WorkSpace\DcareServerVolly\AndroidManifest.xml:264:9-266:61
	android:screenOrientation
		ADDED from WorkSpace\DcareServerVolly\AndroidManifest.xml:266:13-49
	android:name
		ADDED from WorkSpace\DcareServerVolly\AndroidManifest.xml:265:13-71
activity#com.etcomm.dcare.MyCollectionActivity
ADDED from WorkSpace\DcareServerVolly\AndroidManifest.xml:267:9-269:61
	android:screenOrientation
		ADDED from WorkSpace\DcareServerVolly\AndroidManifest.xml:269:13-49
	android:name
		ADDED from WorkSpace\DcareServerVolly\AndroidManifest.xml:268:13-65
activity#com.etcomm.dcare.RankActivity
ADDED from WorkSpace\DcareServerVolly\AndroidManifest.xml:270:9-273:61
	android:process